[38;5;4;1m**********[0m
[38;5;4;1m* Stitch *[0m
[38;5;4;1m**********[0m
Programs:
	 num: 250
	 max cost: 33026
	 max depth: 219
[38;5;4;1m
=======Iteration 0=======[0m
set up egraph: 5ms
got roots and treenodes: 31ms
num_paths_to_node(): 2ms
associate_tasks(): 215ms
cost_of_node structs: 0ms
get_zippers(): 1238ms
869 zips
arg_of_zid_node size: 869
Tracking setup: 0ms
arity 0: 1ms
got 3432 arity zero inventions
built SharedData: 0ms
TOTAL PREP: 1497ms
running pattern search...
TOTAL SEARCH: 12166ms
TOTAL PREP + SEARCH: 13663ms
Stats { worklist_steps: 472190, finished: 5, upper_bound_fired: 35053, free_vars_fired: 0, single_use_fired: 10058, single_task_fired: 3430, useless_abstract_fired: 292033, force_multiuse_fired: 0 }
Cost before: 3459707
0: utility: 857284 | final_cost: 2601611 | 1.33x | uses: 1541 | body: [fn_0 arity=3: (#2 t (r #1) t (l #1) t (r #1) t (l #0))]
post stuff: 76ms
Chose Invention fn_0: utility: 857284 | final_cost: 2601611 | 1.33x | uses: 1541 | body: [fn_0 arity=3: (#2 t (r #1) t (l #1) t (r #1) t (l #0))]
[38;5;4;1m
=======Compression Summary=======[0m
Found 1 inventions
Cost Improvement: (1.33x better) 3459707 -> 2601611
[38;5;4mfn_0[0m (1.33x wrt orig): utility: 857284 | final_cost: 2601611 | 1.33x | uses: 1541 | body: [fn_0 arity=3: (#2 t (r #1) t (l #1) t (r #1) t (l #0))]
Time: 13751ms
Wrote to "ablation-results/2022-10-04_10-51-46/raw/bridge--no-opt-force-multiuse.json"
	Command being timed: "../target/release/compress ../data/cogsci/bridge.json --no-opt-force-multiuse --max-arity=3 --iterations=1 --out=ablation-results/2022-10-04_10-51-46/raw/bridge--no-opt-force-multiuse.json"
	User time (seconds): 14.03
	System time (seconds): 0.04
	Percent of CPU this job got: 99%
	Elapsed (wall clock) time (h:mm:ss or m:ss): 0:14.08
	Average shared text size (kbytes): 0
	Average unshared data size (kbytes): 0
	Average stack size (kbytes): 0
	Average total size (kbytes): 0
	Maximum resident set size (kbytes): 118404
	Average resident set size (kbytes): 0
	Major (requiring I/O) page faults: 0
	Minor (reclaiming a frame) page faults: 29594
	Voluntary context switches: 0
	Involuntary context switches: 1392
	Swaps: 0
	File system inputs: 0
	File system outputs: 784
	Socket messages sent: 0
	Socket messages received: 0
	Signals delivered: 0
	Page size (bytes): 4096
	Exit status: 0
