[38;5;4;1m**********[0m
[38;5;4;1m* Stitch *[0m
[38;5;4;1m**********[0m
Programs:
	 num: 250
	 max cost: 32521
	 max depth: 219
[38;5;4;1m
=======Iteration 0=======[0m
set up egraph: 14ms
got roots and treenodes: 92ms
num_paths_to_node(): 3ms
associate_tasks(): 888ms
cost_of_node structs: 5ms
get_zippers(): 2901ms
871 zips
arg_of_zid_node size: 871
Tracking setup: 0ms
arity 0: 4ms
got 2651 arity zero inventions
built SharedData: 3ms
TOTAL PREP: 3914ms
running pattern search...
TOTAL SEARCH: 23296ms
TOTAL PREP + SEARCH: 27211ms
Stats { worklist_steps: 458560, finished: 8, upper_bound_fired: 54564, free_vars_fired: 0, single_use_fired: 27072, single_task_fired: 13934, useless_abstract_fired: 263244, force_multiuse_fired: 0 }
Cost before: 4082574
0: utility: 811130 | final_cost: 3270938 | 1.25x | uses: 2009 | body: [fn_0 arity=2: (#1 (l #0) h (r 4) h)]
post stuff: 141ms
Chose Invention fn_0: utility: 811130 | final_cost: 3270938 | 1.25x | uses: 2009 | body: [fn_0 arity=2: (#1 (l #0) h (r 4) h)]
[38;5;4;1m
=======Compression Summary=======[0m
Found 1 inventions
Cost Improvement: (1.25x better) 4082574 -> 3270938
[38;5;4mfn_0[0m (1.25x wrt orig): utility: 811130 | final_cost: 3270938 | 1.25x | uses: 2009 | body: [fn_0 arity=2: (#1 (l #0) h (r 4) h)]
Time: 27382ms
Wrote to "ablation-results/2022-10-04_10-51-46/raw/city--no-opt-force-multiuse.json"
	Command being timed: "../target/release/compress ../data/cogsci/city.json --no-opt-force-multiuse --max-arity=3 --iterations=1 --out=ablation-results/2022-10-04_10-51-46/raw/city--no-opt-force-multiuse.json"
	User time (seconds): 28.52
	System time (seconds): 0.14
	Percent of CPU this job got: 99%
	Elapsed (wall clock) time (h:mm:ss or m:ss): 0:28.69
	Average shared text size (kbytes): 0
	Average unshared data size (kbytes): 0
	Average stack size (kbytes): 0
	Average total size (kbytes): 0
	Maximum resident set size (kbytes): 303200
	Average resident set size (kbytes): 0
	Major (requiring I/O) page faults: 0
	Minor (reclaiming a frame) page faults: 81120
	Voluntary context switches: 1
	Involuntary context switches: 2862
	Swaps: 0
	File system inputs: 0
	File system outputs: 2552
	Socket messages sent: 0
	Socket messages received: 0
	Signals delivered: 0
	Page size (bytes): 4096
	Exit status: 0
