[38;5;4;1m**********[0m
[38;5;4;1m* Stitch *[0m
[38;5;4;1m**********[0m
Programs:
	 num: 250
	 max cost: 45045
	 max depth: 26
[38;5;4;1m
=======Iteration 0=======[0m
set up egraph: 3ms
got roots and treenodes: 4ms
num_paths_to_node(): 2ms
associate_tasks(): 52ms
cost_of_node structs: 0ms
get_zippers(): 61ms
4009 zips
arg_of_zid_node size: 4009
Tracking setup: 0ms
arity 0: 0ms
got 766 arity zero inventions
built SharedData: 0ms
TOTAL PREP: 124ms
running pattern search...
TOTAL SEARCH: 156247ms
TOTAL PREP + SEARCH: 156371ms
Stats { worklist_steps: 46999122, finished: 1, upper_bound_fired: 753698, free_vars_fired: 0, single_use_fired: 46410, single_task_fired: 411, useless_abstract_fired: 0, force_multiuse_fired: 19129 }
Cost before: 3606662
0: utility: 821027 | final_cost: 2785229 | 1.29x | uses: 2711 | body: [fn_0 arity=3: (T #2 (M 1 0 #1 #0))]
post stuff: 57ms
Chose Invention fn_0: utility: 821027 | final_cost: 2785229 | 1.29x | uses: 2711 | body: [fn_0 arity=3: (T #2 (M 1 0 #1 #0))]
[38;5;4;1m
=======Compression Summary=======[0m
Found 1 inventions
Cost Improvement: (1.29x better) 3606662 -> 2785229
[38;5;4mfn_0[0m (1.29x wrt orig): utility: 821027 | final_cost: 2785229 | 1.29x | uses: 2711 | body: [fn_0 arity=3: (T #2 (M 1 0 #1 #0))]
Time: 156469ms
Wrote to "ablation-results/2022-10-04_10-51-46/raw/dials--no-opt-useless-abstract.json"
	Command being timed: "../target/release/compress ../data/cogsci/dials.json --no-opt-useless-abstract --max-arity=3 --iterations=1 --out=ablation-results/2022-10-04_10-51-46/raw/dials--no-opt-useless-abstract.json"
	User time (seconds): 155.98
	System time (seconds): 0.63
	Percent of CPU this job got: 99%
	Elapsed (wall clock) time (h:mm:ss or m:ss): 2:36.71
	Average shared text size (kbytes): 0
	Average unshared data size (kbytes): 0
	Average stack size (kbytes): 0
	Average total size (kbytes): 0
	Maximum resident set size (kbytes): 1330324
	Average resident set size (kbytes): 0
	Major (requiring I/O) page faults: 0
	Minor (reclaiming a frame) page faults: 340647
	Voluntary context switches: 1
	Involuntary context switches: 15771
	Swaps: 0
	File system inputs: 0
	File system outputs: 1032
	Socket messages sent: 0
	Socket messages received: 0
	Signals delivered: 0
	Page size (bytes): 4096
	Exit status: 0
