[38;5;4;1m**********[0m
[38;5;4;1m* Stitch *[0m
[38;5;4;1m**********[0m
Programs:
	 num: 250
	 max cost: 45045
	 max depth: 26
[38;5;4;1m
=======Iteration 0=======[0m
set up egraph: 3ms
got roots and treenodes: 4ms
num_paths_to_node(): 2ms
associate_tasks(): 62ms
cost_of_node structs: 0ms
get_zippers(): 59ms
4009 zips
arg_of_zid_node size: 4009
Tracking setup: 0ms
arity 0: 0ms
got 0 arity zero inventions
built SharedData: 0ms
TOTAL PREP: 132ms
running pattern search...
memory allocation of 384 bytes failed
Command terminated by signal 6
	Command being timed: "../target/release/compress ../data/cogsci/dials.json --no-opt --max-arity=3 --iterations=1 --out=ablation-results/2022-10-04_10-51-46/raw/dials--no-opt.json"
	User time (seconds): 1670.97
	System time (seconds): 49.97
	Percent of CPU this job got: 99%
	Elapsed (wall clock) time (h:mm:ss or m:ss): 28:42.43
	Average shared text size (kbytes): 0
	Average unshared data size (kbytes): 0
	Average stack size (kbytes): 0
	Average total size (kbytes): 0
	Maximum resident set size (kbytes): 40356176
	Average resident set size (kbytes): 0
	Major (requiring I/O) page faults: 0
	Minor (reclaiming a frame) page faults: 24365439
	Voluntary context switches: 201
	Involuntary context switches: 174864
	Swaps: 0
	File system inputs: 0
	File system outputs: 16
	Socket messages sent: 0
	Socket messages received: 0
	Signals delivered: 0
	Page size (bytes): 4096
	Exit status: 0
