[38;5;4;1m**********[0m
[38;5;4;1m* Stitch *[0m
[38;5;4;1m**********[0m
Programs:
	 num: 250
	 max cost: 25350
	 max depth: 171
[38;5;4;1m
=======Iteration 0=======[0m
set up egraph: 13ms
got roots and treenodes: 75ms
num_paths_to_node(): 4ms
associate_tasks(): 782ms
cost_of_node structs: 3ms
get_zippers(): 3323ms
677 zips
arg_of_zid_node size: 677
Tracking setup: 0ms
arity 0: 4ms
got 2995 arity zero inventions
built SharedData: 1ms
TOTAL PREP: 4208ms
running pattern search...
TOTAL SEARCH: 12573ms
TOTAL PREP + SEARCH: 16782ms
Stats { worklist_steps: 60567, finished: 7, upper_bound_fired: 3726, free_vars_fired: 0, single_use_fired: 1488, single_task_fired: 13286, useless_abstract_fired: 46518, force_multiuse_fired: 0 }
Cost before: 4245083
0: utility: 1509241 | final_cost: 2734931 | 1.55x | uses: 1869 | body: [fn_0 arity=3: (#2 h (r 4) h #1 h (r 4) h (l #0))]
post stuff: 122ms
Chose Invention fn_0: utility: 1509241 | final_cost: 2734931 | 1.55x | uses: 1869 | body: [fn_0 arity=3: (#2 h (r 4) h #1 h (r 4) h (l #0))]
[38;5;4;1m
=======Compression Summary=======[0m
Found 1 inventions
Cost Improvement: (1.55x better) 4245083 -> 2734931
[38;5;4mfn_0[0m (1.55x wrt orig): utility: 1509241 | final_cost: 2734931 | 1.55x | uses: 1869 | body: [fn_0 arity=3: (#2 h (r 4) h #1 h (r 4) h (l #0))]
Time: 16963ms
Wrote to "ablation-results/2022-10-04_10-51-46/raw/house--no-opt-force-multiuse.json"
	Command being timed: "../target/release/compress ../data/cogsci/house.json --no-opt-force-multiuse --max-arity=3 --iterations=1 --out=ablation-results/2022-10-04_10-51-46/raw/house--no-opt-force-multiuse.json"
	User time (seconds): 18.14
	System time (seconds): 0.31
	Percent of CPU this job got: 99%
	Elapsed (wall clock) time (h:mm:ss or m:ss): 0:18.49
	Average shared text size (kbytes): 0
	Average unshared data size (kbytes): 0
	Average stack size (kbytes): 0
	Average total size (kbytes): 0
	Maximum resident set size (kbytes): 325668
	Average resident set size (kbytes): 0
	Major (requiring I/O) page faults: 0
	Minor (reclaiming a frame) page faults: 138836
	Voluntary context switches: 1
	Involuntary context switches: 2033
	Swaps: 0
	File system inputs: 0
	File system outputs: 2800
	Socket messages sent: 0
	Socket messages received: 0
	Signals delivered: 0
	Page size (bytes): 4096
	Exit status: 0
