[38;5;4;1m**********[0m
[38;5;4;1m* Stitch *[0m
[38;5;4;1m**********[0m
Programs:
	 num: 250
	 max cost: 21007
	 max depth: 26
[38;5;4;1m
=======Iteration 0=======[0m
set up egraph: 3ms
got roots and treenodes: 8ms
num_paths_to_node(): 2ms
associate_tasks(): 83ms
cost_of_node structs: 0ms
get_zippers(): 54ms
2381 zips
arg_of_zid_node size: 2381
Tracking setup: 0ms
arity 0: 0ms
got 1036 arity zero inventions
built SharedData: 0ms
TOTAL PREP: 152ms
running pattern search...
TOTAL SEARCH: 3830ms
TOTAL PREP + SEARCH: 3982ms
Stats { worklist_steps: 126646, finished: 2, upper_bound_fired: 183448, free_vars_fired: 0, single_use_fired: 15302, single_task_fired: 518, useless_abstract_fired: 0, force_multiuse_fired: 604 }
Cost before: 3577776
0: utility: 945257 | final_cost: 2631608 | 1.36x | uses: 1171 | body: [fn_0 arity=3: (T (#2 (M 1 0 0 #1)) (M 1 0 #0 0))]
post stuff: 41ms
Chose Invention fn_0: utility: 945257 | final_cost: 2631608 | 1.36x | uses: 1171 | body: [fn_0 arity=3: (T (#2 (M 1 0 0 #1)) (M 1 0 #0 0))]
[38;5;4;1m
=======Compression Summary=======[0m
Found 1 inventions
Cost Improvement: (1.36x better) 3577776 -> 2631608
[38;5;4mfn_0[0m (1.36x wrt orig): utility: 945257 | final_cost: 2631608 | 1.36x | uses: 1171 | body: [fn_0 arity=3: (T (#2 (M 1 0 0 #1)) (M 1 0 #0 0))]
Time: 4042ms
Wrote to "ablation-results/2022-10-04_10-51-46/raw/wheels--no-opt-useless-abstract.json"
	Command being timed: "../target/release/compress ../data/cogsci/wheels.json --no-opt-useless-abstract --max-arity=3 --iterations=1 --out=ablation-results/2022-10-04_10-51-46/raw/wheels--no-opt-useless-abstract.json"
	User time (seconds): 4.17
	System time (seconds): 0.05
	Percent of CPU this job got: 99%
	Elapsed (wall clock) time (h:mm:ss or m:ss): 0:04.23
	Average shared text size (kbytes): 0
	Average unshared data size (kbytes): 0
	Average stack size (kbytes): 0
	Average total size (kbytes): 0
	Maximum resident set size (kbytes): 29540
	Average resident set size (kbytes): 0
	Major (requiring I/O) page faults: 0
	Minor (reclaiming a frame) page faults: 11888
	Voluntary context switches: 1
	Involuntary context switches: 421
	Swaps: 0
	File system inputs: 0
	File system outputs: 904
	Socket messages sent: 0
	Socket messages received: 0
	Signals delivered: 0
	Page size (bytes): 4096
	Exit status: 0
