echo "Cleaning outputs..."
Cleaning outputs...
rm -rf claim-4-out
STITCH_DIR=.. ./ablation.sh claim-4-out
[ablation.sh] Starting workload bridge
Running with OPTIM=
Running with OPTIM=--no-opt-upper-bound
Running with OPTIM=--no-opt-force-multiuse
Running with OPTIM=--no-opt-useless-abstract
Running with OPTIM=--no-opt
[ablation.sh] Starting workload castle
Running with OPTIM=
Running with OPTIM=--no-opt-upper-bound
Running with OPTIM=--no-opt-force-multiuse
Running with OPTIM=--no-opt-useless-abstract
Running with OPTIM=--no-opt
[ablation.sh] Starting workload city
Running with OPTIM=
Running with OPTIM=--no-opt-upper-bound
Running with OPTIM=--no-opt-force-multiuse
Running with OPTIM=--no-opt-useless-abstract
Running with OPTIM=--no-opt
[ablation.sh] Starting workload dials
Running with OPTIM=
Running with OPTIM=--no-opt-upper-bound
Running with OPTIM=--no-opt-force-multiuse
Running with OPTIM=--no-opt-useless-abstract
Running with OPTIM=--no-opt
[ablation.sh] Starting workload furniture
Running with OPTIM=
Running with OPTIM=--no-opt-upper-bound
Running with OPTIM=--no-opt-force-multiuse
Running with OPTIM=--no-opt-useless-abstract
Running with OPTIM=--no-opt
[ablation.sh] Starting workload house
Running with OPTIM=
Running with OPTIM=--no-opt-upper-bound
Running with OPTIM=--no-opt-force-multiuse
Running with OPTIM=--no-opt-useless-abstract
Running with OPTIM=--no-opt
[ablation.sh] Starting workload nuts-bolts
Running with OPTIM=
Running with OPTIM=--no-opt-upper-bound
Running with OPTIM=--no-opt-force-multiuse
Running with OPTIM=--no-opt-useless-abstract
Running with OPTIM=--no-opt
[ablation.sh] Starting workload wheels
Running with OPTIM=
Running with OPTIM=--no-opt-upper-bound
Running with OPTIM=--no-opt-force-multiuse
Running with OPTIM=--no-opt-useless-abstract
Running with OPTIM=--no-opt
Done, wrote results to claim-4-out
python3 plot.py ablation claim-4-out
+---------------------------+---------+---------+--------+----------+-----------+--------+--------------+----------+
|          Ablation         | bridges | castles | cities | gadgets  | furniture | houses | nuts & bolts | vehicles |
+---------------------------+---------+---------+--------+----------+-----------+--------+--------------+----------+
| --no-opt-useless-abstract |   MEM   |   TIME  |  TIME  | 1375.05x |    TIME   |  TIME  |    33.74x    |  7.18x   |
|    --no-opt-upper-bound   |  12.04x |  23.27x | 27.96x | 241.82x  |   63.43x  | 35.44x |   159.33x    | 302.25x  |
|  --no-opt-force-multiuse  |  1.92x  |  1.45x  | 1.39x  |  1.01x   |   1.00x   | 1.01x  |    1.04x     |  1.00x   |
|          --no-opt         |   MEM   |   TIME  |  TIME  |   MEM    |    TIME   |  TIME  |     MEM      |   TIME   |
+---------------------------+---------+---------+--------+----------+-----------+--------+--------------+----------+
