rm -rf claim-3-out
STITCH_DIR=.. ./claim-3.sh claim-3-out
~/proj/stitch-artifact/stitch_experiments ~/proj/stitch-artifact/stitch_experiments/experiments
    Finished release [optimized + debuginfo] target(s) in 0.05s
~/proj/stitch-artifact/stitch_experiments/experiments
[claim-3.sh] Starting workload bridge
[claim-3.sh] Starting workload castle
[claim-3.sh] Starting workload city
[claim-3.sh] Starting workload dials
[claim-3.sh] Starting workload furniture
[claim-3.sh] Starting workload house
[claim-3.sh] Starting workload nuts-bolts
[claim-3.sh] Starting workload wheels
Done: claim-3-out
python3 plot.py claim-3 claim-3-out
	Command being timed: "make claim-3"
	User time (seconds): 56.80
	System time (seconds): 7.56
	Percent of CPU this job got: 113%
	Elapsed (wall clock) time (h:mm:ss or m:ss): 0:56.78
	Average shared text size (kbytes): 0
	Average unshared data size (kbytes): 0
	Average stack size (kbytes): 0
	Average total size (kbytes): 0
	Maximum resident set size (kbytes): 463508
	Average resident set size (kbytes): 0
	Major (requiring I/O) page faults: 0
	Minor (reclaiming a frame) page faults: 719447
	Voluntary context switches: 524
	Involuntary context switches: 3172610
	Swaps: 0
	File system inputs: 0
	File system outputs: 13792
	Socket messages sent: 0
	Socket messages received: 0
	Signals delivered: 0
	Page size (bytes): 4096
	Exit status: 0
