[38;5;4;1m**********[0m
[38;5;4;1m* Stitch *[0m
[38;5;4;1m**********[0m
Programs:
	 num: 250
	 max cost: 33026
	 max depth: 219
[38;5;4;1m
=======Iteration 0=======[0m
set up egraph: 6ms
got roots and treenodes: 27ms
num_paths_to_node(): 2ms
associate_tasks(): 234ms
cost_of_node structs: 0ms
get_zippers(): 1186ms
869 zips
arg_of_zid_node size: 869
Tracking setup: 0ms
arity 0: 0ms
got 0 arity zero inventions
built SharedData: 0ms
TOTAL PREP: 1458ms
running pattern search...
memory allocation of 20401094656 bytes failed
Command terminated by signal 6
	Command being timed: "../target/release/compress ../data/cogsci/bridge.json --no-opt --max-arity=3 --iterations=1 --out=ablation-results/2022-10-04_10-51-46/raw/bridge--no-opt.json"
	User time (seconds): 3317.58
	System time (seconds): 58.02
	Percent of CPU this job got: 99%
	Elapsed (wall clock) time (h:mm:ss or m:ss): 56:18.81
	Average shared text size (kbytes): 0
	Average unshared data size (kbytes): 0
	Average stack size (kbytes): 0
	Average total size (kbytes): 0
	Maximum resident set size (kbytes): 47156840
	Average resident set size (kbytes): 0
	Major (requiring I/O) page faults: 0
	Minor (reclaiming a frame) page faults: 25207034
	Voluntary context switches: 3
	Involuntary context switches: 350111
	Swaps: 0
	File system inputs: 0
	File system outputs: 16
	Socket messages sent: 0
	Socket messages received: 0
	Signals delivered: 0
	Page size (bytes): 4096
	Exit status: 0
