[38;5;4;1m**********[0m
[38;5;4;1m* Stitch *[0m
[38;5;4;1m**********[0m
Programs:
	 num: 250
	 max cost: 32521
	 max depth: 219
[38;5;4;1m
=======Iteration 0=======[0m
set up egraph: 14ms
got roots and treenodes: 93ms
num_paths_to_node(): 7ms
associate_tasks(): 830ms
cost_of_node structs: 4ms
get_zippers(): 2861ms
871 zips
arg_of_zid_node size: 871
Tracking setup: 0ms
arity 0: 3ms
got 2651 arity zero inventions
built SharedData: 1ms
TOTAL PREP: 3818ms
running pattern search...
TOTAL SEARCH: 20867ms
TOTAL PREP + SEARCH: 24686ms
Stats { worklist_steps: 329769, finished: 8, upper_bound_fired: 36792, free_vars_fired: 0, single_use_fired: 18640, single_task_fired: 13934, useless_abstract_fired: 211225, force_multiuse_fired: 1836 }
Cost before: 4082574
0: utility: 811130 | final_cost: 3270938 | 1.25x | uses: 2009 | body: [fn_0 arity=2: (#1 (l #0) h (r 4) h)]
post stuff: 141ms
Chose Invention fn_0: utility: 811130 | final_cost: 3270938 | 1.25x | uses: 2009 | body: [fn_0 arity=2: (#1 (l #0) h (r 4) h)]
[38;5;4;1m
=======Compression Summary=======[0m
Found 1 inventions
Cost Improvement: (1.25x better) 4082574 -> 3270938
[38;5;4mfn_0[0m (1.25x wrt orig): utility: 811130 | final_cost: 3270938 | 1.25x | uses: 2009 | body: [fn_0 arity=2: (#1 (l #0) h (r 4) h)]
Time: 24855ms
Wrote to "ablation-results/2022-10-04_10-51-46/raw/city.json"
	Command being timed: "../target/release/compress ../data/cogsci/city.json --max-arity=3 --iterations=1 --out=ablation-results/2022-10-04_10-51-46/raw/city.json"
	User time (seconds): 26.02
	System time (seconds): 0.14
	Percent of CPU this job got: 99%
	Elapsed (wall clock) time (h:mm:ss or m:ss): 0:26.18
	Average shared text size (kbytes): 0
	Average unshared data size (kbytes): 0
	Average stack size (kbytes): 0
	Average total size (kbytes): 0
	Maximum resident set size (kbytes): 302556
	Average resident set size (kbytes): 0
	Major (requiring I/O) page faults: 0
	Minor (reclaiming a frame) page faults: 80715
	Voluntary context switches: 2
	Involuntary context switches: 2574
	Swaps: 0
	File system inputs: 216
	File system outputs: 2536
	Socket messages sent: 0
	Socket messages received: 0
	Signals delivered: 0
	Page size (bytes): 4096
	Exit status: 0
